<?xml version="1.0" encoding="UTF-8"?>
<testsuite xmlns:xsi="http://www.w3.org/2001/XMLSchema-instance" xsi:noNamespaceSchemaLocation="https://maven.apache.org/surefire/maven-surefire-plugin/xsd/surefire-test-report-3.0.xsd" version="3.0" name="TestSuite" time="1.13" tests="1" errors="0" skipped="0" failures="0">
  <properties>
    <property name="java.specification.version" value="17"/>
    <property name="sun.jnu.encoding" value="UTF-8"/>
    <property name="java.class.path" value="/Users/harneetkaur/eclipse-workspace/ApiAutomation/target/test-classes:/Users/harneetkaur/eclipse-workspace/ApiAutomation/target/classes:/Users/harneetkaur/.m2/repository/io/rest-assured/rest-assured/4.5.1/rest-assured-4.5.1.jar:/Users/harneetkaur/.m2/repository/org/codehaus/groovy/groovy/3.0.9/groovy-3.0.9.jar:/Users/harneetkaur/.m2/repository/org/codehaus/groovy/groovy-xml/3.0.9/groovy-xml-3.0.9.jar:/Users/harneetkaur/.m2/repository/org/apache/httpcomponents/httpclient/4.5.13/httpclient-4.5.13.jar:/Users/harneetkaur/.m2/repository/org/apache/httpcomponents/httpcore/4.4.13/httpcore-4.4.13.jar:/Users/harneetkaur/.m2/repository/commons-logging/commons-logging/1.2/commons-logging-1.2.jar:/Users/harneetkaur/.m2/repository/commons-codec/commons-codec/1.11/commons-codec-1.11.jar:/Users/harneetkaur/.m2/repository/org/apache/httpcomponents/httpmime/4.5.13/httpmime-4.5.13.jar:/Users/harneetkaur/.m2/repository/org/hamcrest/hamcrest/2.1/hamcrest-2.1.jar:/Users/harneetkaur/.m2/repository/org/ccil/cowan/tagsoup/tagsoup/1.2.1/tagsoup-1.2.1.jar:/Users/harneetkaur/.m2/repository/io/rest-assured/json-path/4.5.1/json-path-4.5.1.jar:/Users/harneetkaur/.m2/repository/org/codehaus/groovy/groovy-json/3.0.9/groovy-json-3.0.9.jar:/Users/harneetkaur/.m2/repository/io/rest-assured/rest-assured-common/4.5.1/rest-assured-common-4.5.1.jar:/Users/harneetkaur/.m2/repository/io/rest-assured/xml-path/4.5.1/xml-path-4.5.1.jar:/Users/harneetkaur/.m2/repository/org/apache/commons/commons-lang3/3.11/commons-lang3-3.11.jar:/Users/harneetkaur/.m2/repository/org/testng/testng/7.5/testng-7.5.jar:/Users/harneetkaur/.m2/repository/com/google/code/findbugs/jsr305/3.0.1/jsr305-3.0.1.jar:/Users/harneetkaur/.m2/repository/org/slf4j/slf4j-api/1.7.32/slf4j-api-1.7.32.jar:/Users/harneetkaur/.m2/repository/com/beust/jcommander/1.78/jcommander-1.78.jar:/Users/harneetkaur/.m2/repository/org/webjars/jquery/3.5.1/jquery-3.5.1.jar:/Users/harneetkaur/.m2/repository/com/jayway/jsonpath/json-path/2.8.0/json-path-2.8.0.jar:/Users/harneetkaur/.m2/repository/net/minidev/json-smart/2.4.10/json-smart-2.4.10.jar:/Users/harneetkaur/.m2/repository/net/minidev/accessors-smart/2.4.9/accessors-smart-2.4.9.jar:/Users/harneetkaur/.m2/repository/org/ow2/asm/asm/9.3/asm-9.3.jar:/Users/harneetkaur/.m2/repository/org/hamcrest/hamcrest-all/1.3/hamcrest-all-1.3.jar:"/>
    <property name="java.vm.vendor" value="Oracle Corporation"/>
    <property name="sun.arch.data.model" value="64"/>
    <property name="java.vendor.url" value="https://java.oracle.com/"/>
    <property name="user.timezone" value="America/New_York"/>
    <property name="os.name" value="Mac OS X"/>
    <property name="java.vm.specification.version" value="17"/>
    <property name="sun.java.launcher" value="SUN_STANDARD"/>
    <property name="user.country" value="US"/>
    <property name="sun.boot.library.path" value="/Library/Java/JavaVirtualMachines/jdk-17.0.1.jdk/Contents/Home/lib"/>
    <property name="sun.java.command" value="/Users/harneetkaur/eclipse-workspace/ApiAutomation/target/surefire/surefirebooter-20230925122631507_3.jar /Users/harneetkaur/eclipse-workspace/ApiAutomation/target/surefire 2023-09-25T12-26-31_467-jvmRun1 surefire-20230925122631507_1tmp surefire_0-20230925122631507_2tmp"/>
    <property name="http.nonProxyHosts" value="local|*.local|169.254/16|*.169.254/16"/>
    <property name="jdk.debug" value="release"/>
    <property name="surefire.test.class.path" value="/Users/harneetkaur/eclipse-workspace/ApiAutomation/target/test-classes:/Users/harneetkaur/eclipse-workspace/ApiAutomation/target/classes:/Users/harneetkaur/.m2/repository/io/rest-assured/rest-assured/4.5.1/rest-assured-4.5.1.jar:/Users/harneetkaur/.m2/repository/org/codehaus/groovy/groovy/3.0.9/groovy-3.0.9.jar:/Users/harneetkaur/.m2/repository/org/codehaus/groovy/groovy-xml/3.0.9/groovy-xml-3.0.9.jar:/Users/harneetkaur/.m2/repository/org/apache/httpcomponents/httpclient/4.5.13/httpclient-4.5.13.jar:/Users/harneetkaur/.m2/repository/org/apache/httpcomponents/httpcore/4.4.13/httpcore-4.4.13.jar:/Users/harneetkaur/.m2/repository/commons-logging/commons-logging/1.2/commons-logging-1.2.jar:/Users/harneetkaur/.m2/repository/commons-codec/commons-codec/1.11/commons-codec-1.11.jar:/Users/harneetkaur/.m2/repository/org/apache/httpcomponents/httpmime/4.5.13/httpmime-4.5.13.jar:/Users/harneetkaur/.m2/repository/org/hamcrest/hamcrest/2.1/hamcrest-2.1.jar:/Users/harneetkaur/.m2/repository/org/ccil/cowan/tagsoup/tagsoup/1.2.1/tagsoup-1.2.1.jar:/Users/harneetkaur/.m2/repository/io/rest-assured/json-path/4.5.1/json-path-4.5.1.jar:/Users/harneetkaur/.m2/repository/org/codehaus/groovy/groovy-json/3.0.9/groovy-json-3.0.9.jar:/Users/harneetkaur/.m2/repository/io/rest-assured/rest-assured-common/4.5.1/rest-assured-common-4.5.1.jar:/Users/harneetkaur/.m2/repository/io/rest-assured/xml-path/4.5.1/xml-path-4.5.1.jar:/Users/harneetkaur/.m2/repository/org/apache/commons/commons-lang3/3.11/commons-lang3-3.11.jar:/Users/harneetkaur/.m2/repository/org/testng/testng/7.5/testng-7.5.jar:/Users/harneetkaur/.m2/repository/com/google/code/findbugs/jsr305/3.0.1/jsr305-3.0.1.jar:/Users/harneetkaur/.m2/repository/org/slf4j/slf4j-api/1.7.32/slf4j-api-1.7.32.jar:/Users/harneetkaur/.m2/repository/com/beust/jcommander/1.78/jcommander-1.78.jar:/Users/harneetkaur/.m2/repository/org/webjars/jquery/3.5.1/jquery-3.5.1.jar:/Users/harneetkaur/.m2/repository/com/jayway/jsonpath/json-path/2.8.0/json-path-2.8.0.jar:/Users/harneetkaur/.m2/repository/net/minidev/json-smart/2.4.10/json-smart-2.4.10.jar:/Users/harneetkaur/.m2/repository/net/minidev/accessors-smart/2.4.9/accessors-smart-2.4.9.jar:/Users/harneetkaur/.m2/repository/org/ow2/asm/asm/9.3/asm-9.3.jar:/Users/harneetkaur/.m2/repository/org/hamcrest/hamcrest-all/1.3/hamcrest-all-1.3.jar:"/>
    <property name="sun.cpu.endian" value="little"/>
    <property name="user.home" value="/Users/harneetkaur"/>
    <property name="user.language" value="en"/>
    <property name="java.specification.vendor" value="Oracle Corporation"/>
    <property name="java.version.date" value="2021-10-19"/>
    <property name="java.home" value="/Library/Java/JavaVirtualMachines/jdk-17.0.1.jdk/Contents/Home"/>
    <property name="file.separator" value="/"/>
    <property name="basedir" value="/Users/harneetkaur/eclipse-workspace/ApiAutomation"/>
    <property name="java.vm.compressedOopsMode" value="Zero based"/>
    <property name="line.separator" value="&#10;"/>
    <property name="java.specification.name" value="Java Platform API Specification"/>
    <property name="java.vm.specification.vendor" value="Oracle Corporation"/>
    <property name="surefire.real.class.path" value="/Users/harneetkaur/eclipse-workspace/ApiAutomation/target/surefire/surefirebooter-20230925122631507_3.jar"/>
    <property name="sun.management.compiler" value="HotSpot 64-Bit Tiered Compilers"/>
    <property name="ftp.nonProxyHosts" value="local|*.local|169.254/16|*.169.254/16"/>
    <property name="java.runtime.version" value="17.0.1+12-LTS-39"/>
    <property name="user.name" value="harneetkaur"/>
    <property name="path.separator" value=":"/>
    <property name="os.version" value="13.5.2"/>
    <property name="java.runtime.name" value="Java(TM) SE Runtime Environment"/>
    <property name="file.encoding" value="UTF-8"/>
    <property name="java.vm.name" value="Java HotSpot(TM) 64-Bit Server VM"/>
    <property name="localRepository" value="/Users/harneetkaur/.m2/repository"/>
    <property name="java.vendor.url.bug" value="https://bugreport.java.com/bugreport/"/>
    <property name="java.io.tmpdir" value="/var/folders/l6/6wms2f053xnf6tg9y1d_07c00000gn/T/"/>
    <property name="java.version" value="17.0.1"/>
    <property name="user.dir" value="/Users/harneetkaur/eclipse-workspace/ApiAutomation"/>
    <property name="os.arch" value="aarch64"/>
    <property name="java.vm.specification.name" value="Java Virtual Machine Specification"/>
    <property name="native.encoding" value="UTF-8"/>
    <property name="java.library.path" value="/Users/harneetkaur/Library/Java/Extensions:/Library/Java/Extensions:/Network/Library/Java/Extensions:/System/Library/Java/Extensions:/usr/lib/java:."/>
    <property name="java.vm.info" value="mixed mode, sharing"/>
    <property name="java.vendor" value="Oracle Corporation"/>
    <property name="java.vm.version" value="17.0.1+12-LTS-39"/>
    <property name="sun.io.unicode.encoding" value="UnicodeBig"/>
    <property name="socksNonProxyHosts" value="local|*.local|169.254/16|*.169.254/16"/>
    <property name="java.class.version" value="61.0"/>
  </properties>
  <testcase name="validateUser" classname="com.training.restapi.ApiAutomationUsers" time="0.974">
    <system-out><![CDATA[https://jsonplaceholder.typicode.com/users
200
Leanne Graham
]]></system-out>
    <system-err><![CDATA[SLF4J: Failed to load class "org.slf4j.impl.StaticLoggerBinder".
SLF4J: Defaulting to no-operation (NOP) logger implementation
SLF4J: See http://www.slf4j.org/codes.html#StaticLoggerBinder for further details.
]]></system-err>
  </testcase>
</testsuite>