<?xml version="1.0" encoding="UTF-8"?>
<!-- Generated by org.testng.reporters.JUnitReportReporter -->
<testsuite hostname="Harneets-MacBook-Pro.local" failures="0" tests="1" name="com.training.restapi.ApiAutomationUsers" time="1.040" errors="0" timestamp="2023-09-22T11:04:04 EDT" skipped="0">
  <testcase classname="com.training.restapi.ApiAutomationUsers" name="validateUser" time="1.040"/>
  <system-out/>
</testsuite> <!-- com.training.restapi.ApiAutomationUsers -->
