<?xml version="1.0" encoding="UTF-8"?>
<!-- Generated by org.testng.reporters.JUnitReportReporter -->
<testsuite hostname="Harneets-MacBook-Pro.local" failures="0" tests="1" name="com.training.restapi.ApiAutomationUsers" time="0.974" errors="0" timestamp="2023-09-25T12:26:32 EDT" skipped="0">
  <testcase classname="com.training.restapi.ApiAutomationUsers" name="validateUser" time="0.974"/>
  <system-out/>
</testsuite> <!-- com.training.restapi.ApiAutomationUsers -->
